<?xml version="1.0" encoding="UTF-8"?>
<testsuite xmlns:xsi="http://www.w3.org/2001/XMLSchema-instance" xsi:noNamespaceSchemaLocation="https://maven.apache.org/surefire/maven-surefire-plugin/xsd/surefire-test-report.xsd" name="ru.netology.manager.PosterManagerTest" time="0.047" tests="3" errors="0" skipped="0" failures="0">
  <properties>
[...]
</properties>
  <testcase name="addFilm" classname="ru.netology.manager.PosterManagerTest" time="0.029"/>
  <testcase name="getLastPosters2" classname="ru.netology.manager.PosterManagerTest" time="0"/>
  <testcase name="getLastPosters" classname="ru.netology.manager.PosterManagerTest" time="0"/>
</testsuite>